<?xml version="1.0" encoding="UTF-8"?>
<testng-results ignored="0" total="2" passed="0" failed="0" skipped="2">
  <reporter-output>
  </reporter-output>
  <suite started-at="2022-08-14T15:03:02 IST" name="Default suite" finished-at="2022-08-14T15:03:07 IST" duration-ms="5029">
    <groups>
    </groups>
    <test started-at="2022-08-14T15:03:02 IST" name="Default test" finished-at="2022-08-14T15:03:07 IST" duration-ms="5029">
      <class name="mystore.testcases.LoginTestCases">
        <test-method is-config="true" signature="beforetest()[pri:0, instance:mystore.testcases.LoginTestCases@5524cca1]" started-at="2022-08-14T15:03:02 IST" name="beforetest" finished-at="2022-08-14T15:03:07 IST" duration-ms="4984" status="FAIL">
          <exception class="java.lang.Error">
            <message>
              <![CDATA[Unresolved compilation problems: 
The import com.sun.org.apache.bcel cannot be resolved
The import com.sun.tools.javac.launcher cannot be resolved
Select cannot be resolved to a type
Select cannot be resolved to a type
Select cannot be resolved to a type
Select cannot be resolved to a type
Select cannot be resolved to a type
Select cannot be resolved to a type
Syntax error, insert "}" to complete MethodBody
Select cannot be resolved to a type
Select cannot be resolved to a type
Select cannot be resolved to a type
Select cannot be resolved to a type
]]>
            </message>
            <full-stacktrace>
              <![CDATA[java.lang.Error: Unresolved compilation problems: 
The import com.sun.org.apache.bcel cannot be resolved
The import com.sun.tools.javac.launcher cannot be resolved
Select cannot be resolved to a type
Select cannot be resolved to a type
Select cannot be resolved to a type
Select cannot be resolved to a type
Select cannot be resolved to a type
Select cannot be resolved to a type
Syntax error, insert "}" to complete MethodBody
Select cannot be resolved to a type
Select cannot be resolved to a type
Select cannot be resolved to a type
Select cannot be resolved to a type

at mystore.pageobject.FillDetailsPage.<init>(FillDetailsPage.java:7)
at mystore.testcases.LoginTestCases.beforetest(LoginTestCases.java:23)
at java.base/jdk.internal.reflect.NativeMethodAccessorImpl.invoke0(Native Method)
at java.base/jdk.internal.reflect.NativeMethodAccessorImpl.invoke(NativeMethodAccessorImpl.java:64)
at java.base/jdk.internal.reflect.DelegatingMethodAccessorImpl.invoke(DelegatingMethodAccessorImpl.java:43)
at java.base/java.lang.reflect.Method.invoke(Method.java:564)
at org.testng.internal.invokers.MethodInvocationHelper.invokeMethod(MethodInvocationHelper.java:139)
at org.testng.internal.invokers.MethodInvocationHelper.invokeMethodConsideringTimeout(MethodInvocationHelper.java:69)
at org.testng.internal.invokers.ConfigInvoker.invokeConfigurationMethod(ConfigInvoker.java:361)
at org.testng.internal.invokers.ConfigInvoker.invokeConfigurations(ConfigInvoker.java:296)
at org.testng.TestRunner.invokeTestConfigurations(TestRunner.java:643)
at org.testng.TestRunner.beforeRun(TestRunner.java:632)
at org.testng.TestRunner.run(TestRunner.java:594)
at org.testng.SuiteRunner.runTest(SuiteRunner.java:433)
at org.testng.SuiteRunner.runSequentially(SuiteRunner.java:427)
at org.testng.SuiteRunner.privateRun(SuiteRunner.java:387)
at org.testng.SuiteRunner.run(SuiteRunner.java:330)
at org.testng.SuiteRunnerWorker.runSuite(SuiteRunnerWorker.java:52)
at org.testng.SuiteRunnerWorker.run(SuiteRunnerWorker.java:95)
at org.testng.TestNG.runSuitesSequentially(TestNG.java:1256)
at org.testng.TestNG.runSuitesLocally(TestNG.java:1176)
at org.testng.TestNG.runSuites(TestNG.java:1099)
at org.testng.TestNG.run(TestNG.java:1067)
at org.testng.remote.AbstractRemoteTestNG.run(AbstractRemoteTestNG.java:115)
at org.testng.remote.RemoteTestNG.initAndRun(RemoteTestNG.java:251)
at org.testng.remote.RemoteTestNG.main(RemoteTestNG.java:77)
]]>
            </full-stacktrace>
          </exception> <!-- java.lang.Error -->
          <reporter-output>
          </reporter-output>
        </test-method> <!-- beforetest -->
        <test-method signature="FillDetails()[pri:0, instance:mystore.testcases.LoginTestCases@5524cca1]" started-at="2022-08-14T15:03:07 IST" name="FillDetails" finished-at="2022-08-14T15:03:07 IST" duration-ms="0" status="SKIP">
          <exception class="java.lang.Error">
            <message>
              <![CDATA[Unresolved compilation problems: 
The import com.sun.org.apache.bcel cannot be resolved
The import com.sun.tools.javac.launcher cannot be resolved
Select cannot be resolved to a type
Select cannot be resolved to a type
Select cannot be resolved to a type
Select cannot be resolved to a type
Select cannot be resolved to a type
Select cannot be resolved to a type
Syntax error, insert "}" to complete MethodBody
Select cannot be resolved to a type
Select cannot be resolved to a type
Select cannot be resolved to a type
Select cannot be resolved to a type
]]>
            </message>
            <full-stacktrace>
              <![CDATA[java.lang.Error: Unresolved compilation problems: 
The import com.sun.org.apache.bcel cannot be resolved
The import com.sun.tools.javac.launcher cannot be resolved
Select cannot be resolved to a type
Select cannot be resolved to a type
Select cannot be resolved to a type
Select cannot be resolved to a type
Select cannot be resolved to a type
Select cannot be resolved to a type
Syntax error, insert "}" to complete MethodBody
Select cannot be resolved to a type
Select cannot be resolved to a type
Select cannot be resolved to a type
Select cannot be resolved to a type

at mystore.pageobject.FillDetailsPage.<init>(FillDetailsPage.java:7)
at mystore.testcases.LoginTestCases.beforetest(LoginTestCases.java:23)
at java.base/jdk.internal.reflect.NativeMethodAccessorImpl.invoke0(Native Method)
at java.base/jdk.internal.reflect.NativeMethodAccessorImpl.invoke(NativeMethodAccessorImpl.java:64)
at java.base/jdk.internal.reflect.DelegatingMethodAccessorImpl.invoke(DelegatingMethodAccessorImpl.java:43)
at java.base/java.lang.reflect.Method.invoke(Method.java:564)
at org.testng.internal.invokers.MethodInvocationHelper.invokeMethod(MethodInvocationHelper.java:139)
at org.testng.internal.invokers.MethodInvocationHelper.invokeMethodConsideringTimeout(MethodInvocationHelper.java:69)
at org.testng.internal.invokers.ConfigInvoker.invokeConfigurationMethod(ConfigInvoker.java:361)
at org.testng.internal.invokers.ConfigInvoker.invokeConfigurations(ConfigInvoker.java:296)
at org.testng.TestRunner.invokeTestConfigurations(TestRunner.java:643)
at org.testng.TestRunner.beforeRun(TestRunner.java:632)
at org.testng.TestRunner.run(TestRunner.java:594)
at org.testng.SuiteRunner.runTest(SuiteRunner.java:433)
at org.testng.SuiteRunner.runSequentially(SuiteRunner.java:427)
at org.testng.SuiteRunner.privateRun(SuiteRunner.java:387)
at org.testng.SuiteRunner.run(SuiteRunner.java:330)
at org.testng.SuiteRunnerWorker.runSuite(SuiteRunnerWorker.java:52)
at org.testng.SuiteRunnerWorker.run(SuiteRunnerWorker.java:95)
at org.testng.TestNG.runSuitesSequentially(TestNG.java:1256)
at org.testng.TestNG.runSuitesLocally(TestNG.java:1176)
at org.testng.TestNG.runSuites(TestNG.java:1099)
at org.testng.TestNG.run(TestNG.java:1067)
at org.testng.remote.AbstractRemoteTestNG.run(AbstractRemoteTestNG.java:115)
at org.testng.remote.RemoteTestNG.initAndRun(RemoteTestNG.java:251)
at org.testng.remote.RemoteTestNG.main(RemoteTestNG.java:77)
]]>
            </full-stacktrace>
          </exception> <!-- java.lang.Error -->
          <reporter-output>
          </reporter-output>
        </test-method> <!-- FillDetails -->
        <test-method signature="verifyNewRegistration()[pri:0, instance:mystore.testcases.LoginTestCases@5524cca1]" started-at="2022-08-14T15:03:07 IST" name="verifyNewRegistration" finished-at="2022-08-14T15:03:07 IST" duration-ms="0" status="SKIP">
          <exception class="java.lang.Error">
            <message>
              <![CDATA[Unresolved compilation problems: 
The import com.sun.org.apache.bcel cannot be resolved
The import com.sun.tools.javac.launcher cannot be resolved
Select cannot be resolved to a type
Select cannot be resolved to a type
Select cannot be resolved to a type
Select cannot be resolved to a type
Select cannot be resolved to a type
Select cannot be resolved to a type
Syntax error, insert "}" to complete MethodBody
Select cannot be resolved to a type
Select cannot be resolved to a type
Select cannot be resolved to a type
Select cannot be resolved to a type
]]>
            </message>
            <full-stacktrace>
              <![CDATA[java.lang.Error: Unresolved compilation problems: 
The import com.sun.org.apache.bcel cannot be resolved
The import com.sun.tools.javac.launcher cannot be resolved
Select cannot be resolved to a type
Select cannot be resolved to a type
Select cannot be resolved to a type
Select cannot be resolved to a type
Select cannot be resolved to a type
Select cannot be resolved to a type
Syntax error, insert "}" to complete MethodBody
Select cannot be resolved to a type
Select cannot be resolved to a type
Select cannot be resolved to a type
Select cannot be resolved to a type

at mystore.pageobject.FillDetailsPage.<init>(FillDetailsPage.java:7)
at mystore.testcases.LoginTestCases.beforetest(LoginTestCases.java:23)
at java.base/jdk.internal.reflect.NativeMethodAccessorImpl.invoke0(Native Method)
at java.base/jdk.internal.reflect.NativeMethodAccessorImpl.invoke(NativeMethodAccessorImpl.java:64)
at java.base/jdk.internal.reflect.DelegatingMethodAccessorImpl.invoke(DelegatingMethodAccessorImpl.java:43)
at java.base/java.lang.reflect.Method.invoke(Method.java:564)
at org.testng.internal.invokers.MethodInvocationHelper.invokeMethod(MethodInvocationHelper.java:139)
at org.testng.internal.invokers.MethodInvocationHelper.invokeMethodConsideringTimeout(MethodInvocationHelper.java:69)
at org.testng.internal.invokers.ConfigInvoker.invokeConfigurationMethod(ConfigInvoker.java:361)
at org.testng.internal.invokers.ConfigInvoker.invokeConfigurations(ConfigInvoker.java:296)
at org.testng.TestRunner.invokeTestConfigurations(TestRunner.java:643)
at org.testng.TestRunner.beforeRun(TestRunner.java:632)
at org.testng.TestRunner.run(TestRunner.java:594)
at org.testng.SuiteRunner.runTest(SuiteRunner.java:433)
at org.testng.SuiteRunner.runSequentially(SuiteRunner.java:427)
at org.testng.SuiteRunner.privateRun(SuiteRunner.java:387)
at org.testng.SuiteRunner.run(SuiteRunner.java:330)
at org.testng.SuiteRunnerWorker.runSuite(SuiteRunnerWorker.java:52)
at org.testng.SuiteRunnerWorker.run(SuiteRunnerWorker.java:95)
at org.testng.TestNG.runSuitesSequentially(TestNG.java:1256)
at org.testng.TestNG.runSuitesLocally(TestNG.java:1176)
at org.testng.TestNG.runSuites(TestNG.java:1099)
at org.testng.TestNG.run(TestNG.java:1067)
at org.testng.remote.AbstractRemoteTestNG.run(AbstractRemoteTestNG.java:115)
at org.testng.remote.RemoteTestNG.initAndRun(RemoteTestNG.java:251)
at org.testng.remote.RemoteTestNG.main(RemoteTestNG.java:77)
]]>
            </full-stacktrace>
          </exception> <!-- java.lang.Error -->
          <reporter-output>
          </reporter-output>
        </test-method> <!-- verifyNewRegistration -->
      </class> <!-- mystore.testcases.LoginTestCases -->
    </test> <!-- Default test -->
  </suite> <!-- Default suite -->
</testng-results>
